<?xml version="1.0" encoding="UTF-8"?>
<testsuite xmlns:xsi="http://www.w3.org/2001/XMLSchema-instance" xsi:noNamespaceSchemaLocation="https://maven.apache.org/surefire/maven-surefire-plugin/xsd/surefire-test-report.xsd" name="runners.RegressionRunner" time="0.653" tests="164" errors="0" skipped="4" failures="2">
  <properties>
[...]
</properties>
  <testcase name="Given User &quot;johnDoe@gmail.com&quot; with password &quot;ExtreamnelyHardPa$$&quot; is registered" classname="Scenario: Integer Params - Buy functionality" time="0.003"/>
  <testcase name="Given User &quot;johnDoe@gmail.com&quot; with password &quot;ExtreamnelyHardPa$$&quot; is registered" classname="Scenario: Integer Params - Buy functionality" time="0"/>
  <testcase name="Given User &quot;johnDoe@gmail.com&quot; with password &quot;ExtreamnelyHardPa$$&quot; is registered" classname="Scenario: Integer Params - Buy functionality" time="0"/>
  <testcase name="When User &quot;johnDoe@gmail.com&quot; with password &quot;ExtreamnelyHardPa$$&quot; logs in" classname="Scenario: Integer Params - Buy functionality" time="0"/>
  <testcase name="When User &quot;johnDoe@gmail.com&quot; with password &quot;ExtreamnelyHardPa$$&quot; logs in" classname="Scenario: Integer Params - Buy functionality" time="0.001"/>
  <testcase name="When User &quot;johnDoe@gmail.com&quot; with password &quot;ExtreamnelyHardPa$$&quot; logs in" classname="Scenario: Integer Params - Buy functionality" time="0"/>
  <testcase name="And User &quot;johnDoe@gmail.com&quot; should be navigated to HomePage" classname="Scenario: Integer Params - Buy functionality" time="0"/>
  <testcase name="And User &quot;johnDoe@gmail.com&quot; should be navigated to HomePage" classname="Scenario: Integer Params - Buy functionality" time="0"/>
  <testcase name="And User &quot;johnDoe@gmail.com&quot; should be navigated to HomePage" classname="Scenario: Integer Params - Buy functionality" time="0"/>
  <testcase name="And User buys 20 &quot;Iphones&quot;" classname="Scenario: Integer Params - Buy functionality" time="0"/>
  <testcase name="And User buys 20 &quot;Iphones&quot;" classname="Scenario: Integer Params - Buy functionality" time="0"/>
  <testcase name="And User buys 20 &quot;Iphones&quot;" classname="Scenario: Integer Params - Buy functionality" time="0"/>
  <testcase name="Then User should have 20 &quot;Iphones&quot;" classname="Scenario: Integer Params - Buy functionality" time="0"/>
  <testcase name="Then User should have 20 &quot;Iphones&quot;" classname="Scenario: Integer Params - Buy functionality" time="0"/>
  <testcase name="Scenario: Integer Params - Buy functionality" classname="Scenario: Integer Params - Buy functionality" time="0.012"/>
  <testcase name="Scenario: Integer Params - Buy functionality" classname="Scenario: Integer Params - Buy functionality" time="0"/>
  <testcase name="Scenario: Integer Params - Buy functionality" classname="Scenario: Integer Params - Buy functionality" time="0.001"/>
  <testcase name="Given User &quot;johnDoe@gmail.com&quot; with password &quot;ExtreamnelyHardPa$$&quot; is registered" classname="Scenario: Double Params - Buy functionality" time="0"/>
  <testcase name="Given User &quot;johnDoe@gmail.com&quot; with password &quot;ExtreamnelyHardPa$$&quot; is registered" classname="Scenario: Double Params - Buy functionality" time="0"/>
  <testcase name="When User &quot;johnDoe@gmail.com&quot; with password &quot;ExtreamnelyHardPa$$&quot; logs in" classname="Scenario: Double Params - Buy functionality" time="0"/>
  <testcase name="And User &quot;johnDoe@gmail.com&quot; should be navigated to HomePage" classname="Scenario: Double Params - Buy functionality" time="0"/>
  <testcase name="And User &quot;johnDoe@gmail.com&quot; should be navigated to HomePage" classname="Scenario: Double Params - Buy functionality" time="0"/>
  <testcase name="When User buys 20 &quot;Iphones&quot;" classname="Scenario: Double Params - Buy functionality" time="0.001"/>
  <testcase name="When User buys 20 &quot;Iphones&quot;" classname="Scenario: Double Params - Buy functionality" time="0"/>
  <testcase name="Then User total should be $2000.55" classname="Scenario: Double Params - Buy functionality" time="0"/>
  <testcase name="Then User total should be $2000.55" classname="Scenario: Double Params - Buy functionality" time="0.001"/>
  <testcase name="Scenario: Double Params - Buy functionality" classname="Scenario: Double Params - Buy functionality" time="0.001"/>
  <testcase name="Scenario: Double Params - Buy functionality" classname="Scenario: Double Params - Buy functionality" time="0.003"/>
  <testcase name="Given User &quot;johnDoe@gmail.com&quot; with password &quot;ExtreamnelyHardPa$$&quot; is registered" classname="Scenario: Char Params - Buy functionality" time="0"/>
  <testcase name="Given User &quot;johnDoe@gmail.com&quot; with password &quot;ExtreamnelyHardPa$$&quot; is registered" classname="Scenario: Char Params - Buy functionality" time="0"/>
  <testcase name="When User &quot;johnDoe@gmail.com&quot; with password &quot;ExtreamnelyHardPa$$&quot; logs in" classname="Scenario: Char Params - Buy functionality" time="0"/>
  <testcase name="And User &quot;johnDoe@gmail.com&quot; should be navigated to HomePage" classname="Scenario: Char Params - Buy functionality" time="0"/>
  <testcase name="And User &quot;johnDoe@gmail.com&quot; should be navigated to HomePage" classname="Scenario: Char Params - Buy functionality" time="0"/>
  <testcase name="When User buys 20 &quot;Iphones&quot;" classname="Scenario: Char Params - Buy functionality" time="0"/>
  <testcase name="When User buys 20 &quot;Iphones&quot;" classname="Scenario: Char Params - Buy functionality" time="0"/>
  <testcase name="Then User total should be $2000.55" classname="Scenario: Char Params - Buy functionality" time="0"/>
  <testcase name="Then User total should be $2000.55" classname="Scenario: Char Params - Buy functionality" time="0.001"/>
  <testcase name="And User credit standing should be &apos;A&apos;" classname="Scenario: Char Params - Buy functionality" time="0"/>
  <testcase name="And User credit standing should be &apos;A&apos;" classname="Scenario: Char Params - Buy functionality" time="0"/>
  <testcase name="Scenario: Char Params - Buy functionality" classname="Scenario: Char Params - Buy functionality" time="0"/>
  <testcase name="Scenario: Char Params - Buy functionality" classname="Scenario: Char Params - Buy functionality" time="0.001"/>
  <testcase name="Given User &quot;johnDoe@gmail.com&quot; with password &quot;ExtreamnelyHardPa$$&quot; is registered" classname="| 100 | Iphone | 10 | 90 |" time="0"/>
  <testcase name="When User &quot;johnDoe@gmail.com&quot; with password &quot;ExtreamnelyHardPa$$&quot; logs in" classname="| 100 | Iphone | 10 | 90 |" time="0.001"/>
  <testcase name="And User &quot;johnDoe@gmail.com&quot; should be navigated to HomePage" classname="| 100 | Iphone | 10 | 90 |" time="0"/>
  <testcase name="Given Apple Store has 100 &quot;Iphone&quot;" classname="| 100 | Iphone | 10 | 90 |" time="0"/>
  <testcase name="Given Apple Store has 100 &quot;Iphone&quot;" classname="| 100 | Iphone | 10 | 90 |" time="0"/>
  <testcase name="When User buys 10 &quot;Iphone&quot;" classname="| 100 | Iphone | 10 | 90 |" time="0"/>
  <testcase name="When User buys 10 &quot;Iphone&quot;" classname="| 100 | Iphone | 10 | 90 |" time="0"/>
  <testcase name="Then User should have 10 &quot;Iphone&quot;" classname="| 100 | Iphone | 10 | 90 |" time="0.001"/>
  <testcase name="Then User should have 10 &quot;Iphone&quot;" classname="| 100 | Iphone | 10 | 90 |" time="0"/>
  <testcase name="And Applse Store should have 90 &quot;Iphone&quot;" classname="| 100 | Iphone | 10 | 90 |" time="0"/>
  <testcase name="And Applse Store should have 90 &quot;Iphone&quot;" classname="| 100 | Iphone | 10 | 90 |" time="0"/>
  <testcase name="| 100 | Iphone | 10 | 90 |" classname="| 100 | Iphone | 10 | 90 |" time="0"/>
  <testcase name="| 100 | Iphone | 10 | 90 |" classname="| 100 | Iphone | 10 | 90 |" time="0.002"/>
  <testcase name="Given User &quot;johnDoe@gmail.com&quot; with password &quot;ExtreamnelyHardPa$$&quot; is registered" classname="| 50 | Ipad | 5 | 45 |" time="0"/>
  <testcase name="When User &quot;johnDoe@gmail.com&quot; with password &quot;ExtreamnelyHardPa$$&quot; logs in" classname="| 50 | Ipad | 5 | 45 |" time="0"/>
  <testcase name="And User &quot;johnDoe@gmail.com&quot; should be navigated to HomePage" classname="| 50 | Ipad | 5 | 45 |" time="0"/>
  <testcase name="Given Apple Store has 50 &quot;Ipad&quot;" classname="| 50 | Ipad | 5 | 45 |" time="0"/>
  <testcase name="Given Apple Store has 50 &quot;Ipad&quot;" classname="| 50 | Ipad | 5 | 45 |" time="0"/>
  <testcase name="When User buys 5 &quot;Ipad&quot;" classname="| 50 | Ipad | 5 | 45 |" time="0"/>
  <testcase name="When User buys 5 &quot;Ipad&quot;" classname="| 50 | Ipad | 5 | 45 |" time="0"/>
  <testcase name="Then User should have 5 &quot;Ipad&quot;" classname="| 50 | Ipad | 5 | 45 |" time="0.009"/>
  <testcase name="Then User should have 5 &quot;Ipad&quot;" classname="| 50 | Ipad | 5 | 45 |" time="0"/>
  <testcase name="And Applse Store should have 45 &quot;Ipad&quot;" classname="| 50 | Ipad | 5 | 45 |" time="0"/>
  <testcase name="And Applse Store should have 45 &quot;Ipad&quot;" classname="| 50 | Ipad | 5 | 45 |" time="0"/>
  <testcase name="| 50 | Ipad | 5 | 45 |" classname="| 50 | Ipad | 5 | 45 |" time="0.01"/>
  <testcase name="| 50 | Ipad | 5 | 45 |" classname="| 50 | Ipad | 5 | 45 |" time="0"/>
  <testcase name="Given User &quot;johnDoe@gmail.com&quot; with password &quot;ExtreamnelyHardPa$$&quot; is registered" classname="| 80 | Watch | 10 | 70 |" time="0"/>
  <testcase name="When User &quot;johnDoe@gmail.com&quot; with password &quot;ExtreamnelyHardPa$$&quot; logs in" classname="| 80 | Watch | 10 | 70 |" time="0.002"/>
  <testcase name="And User &quot;johnDoe@gmail.com&quot; should be navigated to HomePage" classname="| 80 | Watch | 10 | 70 |" time="0"/>
  <testcase name="Given Apple Store has 80 &quot;Watch&quot;" classname="| 80 | Watch | 10 | 70 |" time="0"/>
  <testcase name="Given Apple Store has 80 &quot;Watch&quot;" classname="| 80 | Watch | 10 | 70 |" time="0"/>
  <testcase name="When User buys 10 &quot;Watch&quot;" classname="| 80 | Watch | 10 | 70 |" time="0"/>
  <testcase name="When User buys 10 &quot;Watch&quot;" classname="| 80 | Watch | 10 | 70 |" time="0"/>
  <testcase name="Then User should have 10 &quot;Watch&quot;" classname="| 80 | Watch | 10 | 70 |" time="0"/>
  <testcase name="Then User should have 10 &quot;Watch&quot;" classname="| 80 | Watch | 10 | 70 |" time="0"/>
  <testcase name="And Applse Store should have 70 &quot;Watch&quot;" classname="| 80 | Watch | 10 | 70 |" time="0"/>
  <testcase name="And Applse Store should have 70 &quot;Watch&quot;" classname="| 80 | Watch | 10 | 70 |" time="0"/>
  <testcase name="| 80 | Watch | 10 | 70 |" classname="| 80 | Watch | 10 | 70 |" time="0"/>
  <testcase name="| 80 | Watch | 10 | 70 |" classname="| 80 | Watch | 10 | 70 |" time="0"/>
  <testcase name="Given User &quot;johnDoe@gmail.com&quot; with password &quot;ExtreamnelyHardPa$$&quot; is registered" classname="| 11 | Mac | 10 | 1 |" time="0"/>
  <testcase name="When User &quot;johnDoe@gmail.com&quot; with password &quot;ExtreamnelyHardPa$$&quot; logs in" classname="| 11 | Mac | 10 | 1 |" time="0"/>
  <testcase name="And User &quot;johnDoe@gmail.com&quot; should be navigated to HomePage" classname="| 11 | Mac | 10 | 1 |" time="0"/>
  <testcase name="Given Apple Store has 11 &quot;Mac&quot;" classname="| 11 | Mac | 10 | 1 |" time="0"/>
  <testcase name="Given Apple Store has 11 &quot;Mac&quot;" classname="| 11 | Mac | 10 | 1 |" time="0"/>
  <testcase name="When User buys 10 &quot;Mac&quot;" classname="| 11 | Mac | 10 | 1 |" time="0"/>
  <testcase name="When User buys 10 &quot;Mac&quot;" classname="| 11 | Mac | 10 | 1 |" time="0"/>
  <testcase name="Then User should have 10 &quot;Mac&quot;" classname="| 11 | Mac | 10 | 1 |" time="0"/>
  <testcase name="Then User should have 10 &quot;Mac&quot;" classname="| 11 | Mac | 10 | 1 |" time="0.001"/>
  <testcase name="And Applse Store should have 1 &quot;Mac&quot;" classname="| 11 | Mac | 10 | 1 |" time="0"/>
  <testcase name="And Applse Store should have 1 &quot;Mac&quot;" classname="| 11 | Mac | 10 | 1 |" time="0.002"/>
  <testcase name="| 11 | Mac | 10 | 1 |" classname="| 11 | Mac | 10 | 1 |" time="0"/>
  <testcase name="| 11 | Mac | 10 | 1 |" classname="| 11 | Mac | 10 | 1 |" time="0.005"/>
  <testcase name="Given User creates the invoice with amount 200.00 and name &quot;Spoon&quot;" classname="Scenario: No Data Table - Bad" time="0"/>
  <testcase name="And User creates the invoice with amount 222.00 and name &quot;Iphone&quot;" classname="Scenario: No Data Table - Bad" time="0"/>
  <testcase name="And User creates the invoice with amount 100.00 and name &quot;Ipad&quot;" classname="Scenario: No Data Table - Bad" time="0"/>
  <testcase name="And User creates the invoice with amount 100.00 and name &quot;Bike&quot;" classname="Scenario: No Data Table - Bad" time="0"/>
  <testcase name="And User creates the invoice with amount 212.00 and name &quot;Bike&quot;" classname="Scenario: No Data Table - Bad" time="0"/>
  <testcase name="When User sends the above invoices" classname="Scenario: No Data Table - Bad" time="0"/>
  <testcase name="Then User should have 4222 in total invoices report" classname="Scenario: No Data Table - Bad" time="0.001">
    <failure message="expected:&lt;4222.0&gt; but was:&lt;834.0&gt;" type="java.lang.AssertionError"><![CDATA[java.lang.AssertionError: expected:<4222.0> but was:<834.0>
]]></failure>
  </testcase>
  <testcase name="Scenario: No Data Table - Bad" classname="Scenario: No Data Table - Bad" time="0.001">
    <failure message="expected:&lt;4222.0&gt; but was:&lt;834.0&gt;" type="java.lang.AssertionError"><![CDATA[java.lang.AssertionError: expected:<4222.0> but was:<834.0>
]]></failure>
  </testcase>
  <testcase name="Given the following invoices are created" classname="Scenario: Data Table - DataTable -&gt; List&lt;Map&lt;String, String&gt;&gt;" time="0.001"/>
  <testcase name="When User sends the above invoices" classname="Scenario: Data Table - DataTable -&gt; List&lt;Map&lt;String, String&gt;&gt;" time="0"/>
  <testcase name="Then User should have 522 in total invoices report" classname="Scenario: Data Table - DataTable -&gt; List&lt;Map&lt;String, String&gt;&gt;" time="0"/>
  <testcase name="Scenario: Data Table - DataTable -&gt; List&lt;Map&lt;String, String&gt;&gt;" classname="Scenario: Data Table - DataTable -&gt; List&lt;Map&lt;String, String&gt;&gt;" time="0"/>
  <testcase name="Given the following invoices are created map" classname="Scenario: Data Table - List&lt;Map&lt;String, String&gt;&gt; right away" time="0"/>
  <testcase name="When User sends the above invoices" classname="Scenario: Data Table - List&lt;Map&lt;String, String&gt;&gt; right away" time="0"/>
  <testcase name="Then User should have 522 in total invoices report" classname="Scenario: Data Table - List&lt;Map&lt;String, String&gt;&gt; right away" time="0.001"/>
  <testcase name="Scenario: Data Table - List&lt;Map&lt;String, String&gt;&gt; right away" classname="Scenario: Data Table - List&lt;Map&lt;String, String&gt;&gt; right away" time="0.001"/>
  <testcase name="Given the following invoices are created object" classname="Scenario: Data Table - List&lt;Object&gt; right away. In this case List&lt;Invoice&gt; invoices" time="0"/>
  <testcase name="When User sends the above invoices" classname="Scenario: Data Table - List&lt;Object&gt; right away. In this case List&lt;Invoice&gt; invoices" time="0"/>
  <testcase name="Then User should have 522 in total invoices report" classname="Scenario: Data Table - List&lt;Object&gt; right away. In this case List&lt;Invoice&gt; invoices" time="0"/>
  <testcase name="Scenario: Data Table - List&lt;Object&gt; right away. In this case List&lt;Invoice&gt; invoices" classname="Scenario: Data Table - List&lt;Object&gt; right away. In this case List&lt;Invoice&gt; invoices" time="0"/>
  <testcase name="Given User JohnDoe with password abc123 is registered" classname="Scenario: Login with valid username and valid password" time="0"/>
  <testcase name="When User JohnDoe with password abc123 logs in" classname="Scenario: Login with valid username and valid password" time="0"/>
  <testcase name="Then User JohnDoe should be navigated to HomePage" classname="Scenario: Login with valid username and valid password" time="0"/>
  <testcase name="Scenario: Login with valid username and valid password" classname="Scenario: Login with valid username and valid password" time="0.003"/>
  <testcase name="Given User JohnDoe with password abc123 is registered" classname="Scenario: Login with valid username and invalid password" time="0"/>
  <testcase name="When User JohnDoe with password wrongPass logs in" classname="Scenario: Login with valid username and invalid password" time="0"/>
  <testcase name="Then User should be given login error message" classname="Scenario: Login with valid username and invalid password" time="0"/>
  <testcase name="Scenario: Login with valid username and invalid password" classname="Scenario: Login with valid username and invalid password" time="0"/>
  <testcase name="Given User tim@apple.com with password timceo is registered" classname="Scenario: Login with valid work email and weak password" time="0"/>
  <testcase name="When User tim@apple.com with password timceo logs in" classname="Scenario: Login with valid work email and weak password" time="0"/>
  <testcase name="Then User time@apple.com should be navigated to HomePage" classname="Scenario: Login with valid work email and weak password" time="0"/>
  <testcase name="Scenario: Login with valid work email and weak password" classname="Scenario: Login with valid work email and weak password" time="0.003"/>
  <testcase name="Given User test@gmail.com with password somePss is registered" classname="Scenario: Login Gmail" time="0">
    <skipped/>
    <system-out><![CDATA[Setup some tests
Second Setup

  Scenario: Login with valid work email and weak password       &amp#27;[90m# features/First.feature:20&amp#27;[0m
    &amp#27;[32mGiven &amp#27;[0m&amp#27;[32mUser tim@apple.com with password timceo is registered&amp#27;[0m &amp#27;[90m# FirstStepDef.userTimAppleComWithPasswordTimceoIsRegistered()&amp#27;[0m
    &amp#27;[32mWhen &amp#27;[0m&amp#27;[32mUser tim@apple.com with password timceo logs in&amp#27;[0m        &amp#27;[90m# FirstStepDef.userTimAppleComWithPasswordTimceoLogsIn()&amp#27;[0m
    &amp#27;[32mThen &amp#27;[0m&amp#27;[32mUser time@apple.com should be navigated to HomePage&amp#27;[0m    &amp#27;[90m# FirstStepDef.userTimeAppleComShouldBeNavigatedToHomePage()&amp#27;[0m
]]></system-out>
  </testcase>
  <testcase name="When User test@gmail.com with password somePss logs in" classname="Scenario: Login Gmail" time="0">
    <skipped/>
  </testcase>
  <testcase name="Then User test@gmail.com should be navigated to HomePage" classname="Scenario: Login Gmail" time="0">
    <skipped/>
  </testcase>
  <testcase name="Scenario: Login Gmail" classname="Scenario: Login Gmail" time="0">
    <skipped/>
    <system-out><![CDATA[Cleaning up after test
]]></system-out>
  </testcase>
  <testcase name="Scenario: Login Gmail" classname="Scenario: Login Gmail" time="0.012"/>
  <testcase name="Given User &quot;tim@apple.com&quot; with password &quot;timceo&quot; is registered" classname="Scenario: Login with params" time="0"/>
  <testcase name="When User &quot;tim@apple.com&quot; with password &quot;timceo&quot; logs in" classname="Scenario: Login with params" time="0"/>
  <testcase name="Then User &quot;time@apple.com&quot; should be navigated to HomePage" classname="Scenario: Login with params" time="0"/>
  <testcase name="Scenario: Login with params" classname="Scenario: Login with params" time="0.001"/>
  <testcase name="Given User &quot;johnDoe@gmail.com&quot; with password &quot;ExtreamnelyHardPa$$&quot; is registered" classname="Scenario: Login with params 2" time="0"/>
  <testcase name="When User &quot;johnDoe@gmail.com&quot; with password &quot;ExtreamnelyHardPa$$&quot; logs in" classname="Scenario: Login with params 2" time="0"/>
  <testcase name="Then User &quot;johnDoe@gmail.com&quot; should be navigated to HomePage" classname="Scenario: Login with params 2" time="0"/>
  <testcase name="Scenario: Login with params 2" classname="Scenario: Login with params 2" time="0"/>
  <testcase name="Given User &quot;bill@outlook.com&quot; with password &quot;helloWorld123&quot; is registered" classname="Scenario: Negative" time="0"/>
  <testcase name="When User &quot;bill@outlook.com&quot; with password &quot;1242World&quot; logs in" classname="Scenario: Negative" time="0"/>
  <testcase name="Then User should be given login error message" classname="Scenario: Negative" time="0"/>
  <testcase name="Scenario: Negative" classname="Scenario: Negative" time="0"/>
  <testcase name="And User &quot;johnDoe@gmail.com&quot; with password &quot;ExtreamnelyHardPa$$&quot; logs in" classname="Scenario: Double Params - Buy functionality" time="0"/>
  <testcase name="And User &quot;johnDoe@gmail.com&quot; with password &quot;ExtreamnelyHardPa$$&quot; logs in" classname="Scenario: Char Params - Buy functionality" time="0"/>
  <testcase name="Given Apple Store has 100 &quot;Iphone&quot;" classname="Scenario: 1" time="0"/>
  <testcase name="When User buys 10 &quot;Iphone&quot;" classname="Scenario: 1" time="0"/>
  <testcase name="Then User should have 10 &quot;Iphone&quot;" classname="Scenario: 1" time="0"/>
  <testcase name="And Applse Store should have 90 &quot;Iphone&quot;" classname="Scenario: 1" time="0"/>
  <testcase name="Scenario: 1" classname="Scenario: 1" time="0.001"/>
  <testcase name="Given Apple Store has 50 &quot;Ipads&quot;" classname="Scenario: 2" time="0"/>
  <testcase name="When User buys 5 &quot;Ipads&quot;" classname="Scenario: 2" time="0"/>
  <testcase name="Then User should have 5 &quot;Ipads&quot;" classname="Scenario: 2" time="0.001"/>
  <testcase name="And Applse Store should have 45 &quot;Ipads&quot;" classname="Scenario: 2" time="0"/>
  <testcase name="Scenario: 2" classname="Scenario: 2" time="0.002"/>
  <testcase name="Given Apple Store has 80 &quot;Watches&quot;" classname="Scenario: 3" time="0"/>
  <testcase name="When User buys 10 &quot;Watches&quot;" classname="Scenario: 3" time="0"/>
  <testcase name="Then User should have 10 &quot;Iphones&quot;" classname="Scenario: 3" time="0"/>
  <testcase name="And Applse Store should have 70 &quot;Watches&quot;" classname="Scenario: 3" time="0"/>
  <testcase name="Scenario: 3" classname="Scenario: 3" time="0"/>
  <testcase name="Given Apple Store has 11 &quot;Mac&quot;" classname="Scenario: 4" time="0"/>
  <testcase name="When User buys 10 &quot;Mac&quot;" classname="Scenario: 4" time="0.001"/>
  <testcase name="Then User should have 10 &quot;Mac&quot;" classname="Scenario: 4" time="0"/>
  <testcase name="And Applse Store should have 1 &quot;Mac&quot;" classname="Scenario: 4" time="0"/>
  <testcase name="Scenario: 4" classname="Scenario: 4" time="0.001"/>
</testsuite>